2023-12-21 10:57:21,294 - INFO - Downloading CFIS_LSB.002.249.r.fits for band cfis_lsb-r..
2023-12-21 11:00:56,682 - ERROR - Failed downloading tile (2, 249) for band cfis_lsb-r.
2023-12-21 11:00:56,683 - ERROR - KeyboardInterrupt detected, exiting..
2023-12-21 11:01:24,362 - INFO - Downloading CFIS_LSB.002.249.r.fits for band cfis_lsb-r..
2023-12-21 11:02:02,462 - ERROR - Failed downloading tile (2, 249) for band cfis_lsb-r.
2023-12-21 11:02:02,463 - ERROR - KeyboardInterrupt detected, exiting..
Traceback (most recent call last):
  File "/tmp/ipykernel_7016/2267424115.py", line 98, in <module>
    download_tiles_parallel(availability, tiles_to_download, band_dict, download_dir, method='command')
  File "/tmp/ipykernel_7016/2267424115.py", line 87, in download_tiles_parallel
    future.result()
  File "/home/nick/anaconda3/envs/TileSlicer/lib/python3.11/concurrent/futures/_base.py", line 451, in result
    self._condition.wait(timeout)
  File "/home/nick/anaconda3/envs/TileSlicer/lib/python3.11/threading.py", line 320, in wait
    waiter.acquire()
KeyboardInterrupt
2023-12-21 12:55:35,976 - INFO - Downloading CFIS_LSB.002.250.r.fits for band cfis_lsb-r..
2023-12-21 12:55:35,976 - INFO - Downloading CFIS_LSB.002.249.r.fits for band cfis_lsb-r..
2023-12-21 12:55:35,977 - INFO - Downloading CFIS_LSB.002.252.r.fits for band cfis_lsb-r..
2023-12-21 12:55:35,992 - INFO - Downloading CFIS_LSB.002.251.r.fits for band cfis_lsb-r..
2023-12-21 12:55:35,993 - INFO - Downloading CFIS_LSB.002.254.r.fits for band cfis_lsb-r..
2023-12-21 12:55:35,993 - INFO - Downloading CFIS_LSB.002.253.r.fits for band cfis_lsb-r..
2023-12-21 13:08:05,777 - INFO - Successfully downloaded tile (2, 253) for band cfis_lsb-r.
2023-12-21 13:08:05,778 - INFO - Finished in 12.497 minutes.
2023-12-21 13:10:36,970 - INFO - Successfully downloaded tile (2, 250) for band cfis_lsb-r.
2023-12-21 13:10:36,971 - INFO - Finished in 15.017 minutes.
2023-12-21 13:12:13,821 - INFO - Successfully downloaded tile (2, 252) for band cfis_lsb-r.
2023-12-21 13:12:13,822 - INFO - Finished in 16.631 minutes.
2023-12-21 13:13:40,196 - INFO - Successfully downloaded tile (2, 254) for band cfis_lsb-r.
2023-12-21 13:13:40,197 - INFO - Finished in 18.07 minutes.
2023-12-21 13:18:05,233 - INFO - Successfully downloaded tile (2, 251) for band cfis_lsb-r.
2023-12-21 13:18:05,234 - INFO - Finished in 22.488 minutes.
2023-12-21 13:18:52,886 - INFO - Successfully downloaded tile (2, 249) for band cfis_lsb-r.
2023-12-21 13:18:52,887 - INFO - Finished in 23.282 minutes.
2023-12-21 15:23:10,822 - INFO - File CFIS_LSB.002.249.r.fits was already downloaded for band cfis_lsb-r.
2023-12-21 15:23:10,824 - INFO - File CFIS_LSB.002.250.r.fits was already downloaded for band cfis_lsb-r.
2023-12-21 15:23:10,824 - INFO - File CFIS_LSB.002.251.r.fits was already downloaded for band cfis_lsb-r.
2023-12-21 15:23:10,825 - INFO - File CFIS_LSB.002.252.r.fits was already downloaded for band cfis_lsb-r.
2023-12-21 15:23:10,825 - INFO - File CFIS_LSB.002.253.r.fits was already downloaded for band cfis_lsb-r.
2023-12-21 15:23:10,826 - INFO - File CFIS_LSB.002.254.r.fits was already downloaded for band cfis_lsb-r.
2023-12-21 15:23:10,845 - INFO - Files downloaded. Took 0.0003961483637491862 minutes.
2023-12-21 15:29:46,344 - INFO - File CFIS_LSB.002.249.r.fits was already downloaded for band cfis_lsb-r.
2023-12-21 15:29:46,344 - INFO - File CFIS_LSB.002.252.r.fits was already downloaded for band cfis_lsb-r.
2023-12-21 15:29:46,345 - INFO - File CFIS_LSB.002.251.r.fits was already downloaded for band cfis_lsb-r.
2023-12-21 15:29:46,345 - INFO - File CFIS_LSB.002.253.r.fits was already downloaded for band cfis_lsb-r.
2023-12-21 15:29:46,347 - INFO - File CFIS_LSB.002.250.r.fits was already downloaded for band cfis_lsb-r.
2023-12-21 15:29:46,348 - INFO - File CFIS_LSB.002.254.r.fits was already downloaded for band cfis_lsb-r.
2023-12-21 15:29:46,370 - INFO - Files downloaded. Took 0.00045096476872762045 minutes.
2023-12-21 15:33:16,658 - INFO - File CFIS_LSB.002.249.r.fits was already downloaded for band cfis_lsb-r.
2023-12-21 15:33:16,658 - INFO - File CFIS_LSB.002.250.r.fits was already downloaded for band cfis_lsb-r.
2023-12-21 15:33:16,660 - INFO - File CFIS_LSB.002.253.r.fits was already downloaded for band cfis_lsb-r.
2023-12-21 15:33:16,660 - INFO - File CFIS_LSB.002.251.r.fits was already downloaded for band cfis_lsb-r.
2023-12-21 15:33:16,660 - INFO - File CFIS_LSB.002.252.r.fits was already downloaded for band cfis_lsb-r.
2023-12-21 15:33:16,662 - INFO - File CFIS_LSB.002.254.r.fits was already downloaded for band cfis_lsb-r.
2023-12-21 15:33:16,687 - INFO - Files downloaded. Took 0.0004927754402160644 minutes.
2023-12-21 15:34:55,511 - INFO - File CFIS_LSB.002.249.r.fits was already downloaded for band cfis_lsb-r.
2023-12-21 15:34:55,511 - INFO - File CFIS_LSB.002.253.r.fits was already downloaded for band cfis_lsb-r.
2023-12-21 15:34:55,511 - INFO - File CFIS_LSB.002.250.r.fits was already downloaded for band cfis_lsb-r.
2023-12-21 15:34:55,511 - INFO - Running MTO on file: CFIS_LSB.002.249.r.fits
2023-12-21 15:34:55,512 - INFO - File CFIS_LSB.002.252.r.fits was already downloaded for band cfis_lsb-r.
2023-12-21 15:34:55,512 - INFO - File CFIS_LSB.002.251.r.fits was already downloaded for band cfis_lsb-r.
2023-12-21 15:34:55,512 - INFO - Running MTO on file: CFIS_LSB.002.253.r.fits
2023-12-21 15:34:55,513 - INFO - File CFIS_LSB.002.254.r.fits was already downloaded for band cfis_lsb-r.
2023-12-21 15:34:55,513 - INFO - Running MTO on file: CFIS_LSB.002.250.r.fits
2023-12-21 15:34:55,513 - INFO - Path to file is: /home/nick/astro/TileSlicer/data_test/test1/002_249/CFIS_LSB.002.249.r.fits
2023-12-21 15:34:55,514 - INFO - Running MTO on file: CFIS_LSB.002.252.r.fits
2023-12-21 15:34:55,514 - INFO - Running MTO on file: CFIS_LSB.002.251.r.fits
2023-12-21 15:34:55,515 - INFO - Path to file is: /home/nick/astro/TileSlicer/data_test/test1/002_253/CFIS_LSB.002.253.r.fits
2023-12-21 15:34:55,515 - INFO - Running MTO on file: CFIS_LSB.002.254.r.fits
2023-12-21 15:34:55,516 - INFO - Path to file is: /home/nick/astro/TileSlicer/data_test/test1/002_250/CFIS_LSB.002.250.r.fits
2023-12-21 15:34:55,517 - INFO - Path to file is: /home/nick/astro/TileSlicer/data_test/test1/002_252/CFIS_LSB.002.252.r.fits
2023-12-21 15:34:55,517 - INFO - Path to file is: /home/nick/astro/TileSlicer/data_test/test1/002_251/CFIS_LSB.002.251.r.fits
2023-12-21 15:34:55,518 - INFO - Path to file is: /home/nick/astro/TileSlicer/data_test/test1/002_254/CFIS_LSB.002.254.r.fits
2023-12-21 15:34:55,533 - INFO - Files downloaded. Took 0.00038643678029378253 minutes.
2023-12-21 15:37:50,405 - INFO - File CFIS_LSB.002.249.r.fits was already downloaded for band cfis_lsb-r.
2023-12-21 15:37:50,406 - INFO - Running MTO on file: CFIS_LSB.002.249.r.fits
2023-12-21 15:37:50,407 - INFO - File CFIS_LSB.002.252.r.fits was already downloaded for band cfis_lsb-r.
2023-12-21 15:37:50,407 - INFO - Path to file is: /home/nick/astro/TileSlicer/data_test/test1/002_249/CFIS_LSB.002.249.r.fits
2023-12-21 15:37:50,407 - INFO - File CFIS_LSB.002.250.r.fits was already downloaded for band cfis_lsb-r.
2023-12-21 15:37:50,407 - INFO - File CFIS_LSB.002.253.r.fits was already downloaded for band cfis_lsb-r.
2023-12-21 15:37:50,407 - INFO - File CFIS_LSB.002.254.r.fits was already downloaded for band cfis_lsb-r.
2023-12-21 15:37:50,407 - INFO - File CFIS_LSB.002.251.r.fits was already downloaded for band cfis_lsb-r.
2023-12-21 15:37:50,407 - INFO - Running MTO on file: CFIS_LSB.002.252.r.fits
2023-12-21 15:37:50,408 - INFO - Running MTO on file: CFIS_LSB.002.250.r.fits
2023-12-21 15:37:50,409 - INFO - Running MTO on file: CFIS_LSB.002.253.r.fits
2023-12-21 15:37:50,409 - INFO - Running MTO on file: CFIS_LSB.002.254.r.fits
2023-12-21 15:37:50,410 - INFO - Running MTO on file: CFIS_LSB.002.251.r.fits
2023-12-21 15:37:50,410 - INFO - Path to file is: /home/nick/astro/TileSlicer/data_test/test1/002_252/CFIS_LSB.002.252.r.fits
2023-12-21 15:37:50,411 - INFO - Path to file is: /home/nick/astro/TileSlicer/data_test/test1/002_250/CFIS_LSB.002.250.r.fits
2023-12-21 15:37:50,411 - INFO - Path to file is: /home/nick/astro/TileSlicer/data_test/test1/002_253/CFIS_LSB.002.253.r.fits
2023-12-21 15:37:50,412 - INFO - Path to file is: /home/nick/astro/TileSlicer/data_test/test1/002_254/CFIS_LSB.002.254.r.fits
2023-12-21 15:37:50,412 - INFO - Path to file is: /home/nick/astro/TileSlicer/data_test/test1/002_251/CFIS_LSB.002.251.r.fits
2023-12-21 15:37:50,416 - INFO - MTO failed.
2023-12-21 15:37:50,421 - INFO - MTO failed.
2023-12-21 15:37:50,421 - INFO - MTO failed.
2023-12-21 15:37:50,422 - INFO - MTO failed.
2023-12-21 15:37:50,426 - INFO - MTO failed.
2023-12-21 15:37:50,426 - INFO - MTO failed.
2023-12-21 15:37:50,427 - INFO - Files downloaded. Took 0.00038584470748901365 minutes.
2023-12-21 16:40:36,979 - INFO - File CFIS_LSB.002.249.r.fits was already downloaded for band cfis_lsb-r.
2023-12-21 16:40:36,979 - INFO - File CFIS_LSB.002.251.r.fits was already downloaded for band cfis_lsb-r.
2023-12-21 16:40:36,979 - INFO - File CFIS_LSB.002.250.r.fits was already downloaded for band cfis_lsb-r.
2023-12-21 16:40:36,980 - INFO - Running MTO on file: CFIS_LSB.002.249.r.fits
2023-12-21 16:40:36,980 - INFO - Running MTO on file: CFIS_LSB.002.251.r.fits
2023-12-21 16:40:36,980 - INFO - File CFIS_LSB.002.253.r.fits was already downloaded for band cfis_lsb-r.
2023-12-21 16:40:36,981 - INFO - File CFIS_LSB.002.254.r.fits was already downloaded for band cfis_lsb-r.
2023-12-21 16:40:36,981 - INFO - Running MTO on file: CFIS_LSB.002.250.r.fits
2023-12-21 16:40:36,981 - INFO - File CFIS_LSB.002.252.r.fits was already downloaded for band cfis_lsb-r.
2023-12-21 16:40:36,981 - INFO - Path to file is: /home/nick/astro/TileSlicer/data_test/test1/002_249/CFIS_LSB.002.249.r.fits
2023-12-21 16:40:36,982 - INFO - Path to file is: /home/nick/astro/TileSlicer/data_test/test1/002_251/CFIS_LSB.002.251.r.fits
2023-12-21 16:40:36,982 - INFO - Running MTO on file: CFIS_LSB.002.253.r.fits
2023-12-21 16:40:36,982 - INFO - Running MTO on file: CFIS_LSB.002.254.r.fits
2023-12-21 16:40:36,982 - INFO - Path to file is: /home/nick/astro/TileSlicer/data_test/test1/002_250/CFIS_LSB.002.250.r.fits
2023-12-21 16:40:36,983 - INFO - Running MTO on file: CFIS_LSB.002.252.r.fits
2023-12-21 16:40:36,984 - INFO - Path to file is: /home/nick/astro/TileSlicer/data_test/test1/002_253/CFIS_LSB.002.253.r.fits
2023-12-21 16:40:36,985 - INFO - Path to file is: /home/nick/astro/TileSlicer/data_test/test1/002_254/CFIS_LSB.002.254.r.fits
2023-12-21 16:40:36,985 - INFO - Path to file is: /home/nick/astro/TileSlicer/data_test/test1/002_252/CFIS_LSB.002.252.r.fits
2023-12-21 16:40:37,234 - INFO - MTO failed.
2023-12-21 16:40:37,235 - INFO - MTO failed.
2023-12-21 16:40:37,240 - INFO - MTO failed.
2023-12-21 16:40:37,265 - INFO - MTO failed.
2023-12-21 16:40:37,276 - INFO - MTO failed.
2023-12-21 16:40:37,307 - INFO - MTO failed.
2023-12-21 16:40:37,309 - INFO - Files downloaded. Took 0.005499807993570963 minutes.
2023-12-21 16:42:28,259 - INFO - File CFIS_LSB.002.249.r.fits was already downloaded for band cfis_lsb-r.
2023-12-21 16:42:28,260 - INFO - File CFIS_LSB.002.250.r.fits was already downloaded for band cfis_lsb-r.
2023-12-21 16:42:28,260 - INFO - File CFIS_LSB.002.253.r.fits was already downloaded for band cfis_lsb-r.
2023-12-21 16:42:28,260 - INFO - File CFIS_LSB.002.252.r.fits was already downloaded for band cfis_lsb-r.
2023-12-21 16:42:28,260 - INFO - File CFIS_LSB.002.251.r.fits was already downloaded for band cfis_lsb-r.
2023-12-21 16:42:28,260 - INFO - File CFIS_LSB.002.254.r.fits was already downloaded for band cfis_lsb-r.
2023-12-21 16:42:28,260 - INFO - Running MTO on file: CFIS_LSB.002.249.r.fits
2023-12-21 16:42:28,261 - INFO - Running MTO on file: CFIS_LSB.002.250.r.fits
2023-12-21 16:42:28,261 - INFO - Running MTO on file: CFIS_LSB.002.253.r.fits
2023-12-21 16:42:28,262 - INFO - Running MTO on file: CFIS_LSB.002.252.r.fits
2023-12-21 16:42:28,263 - INFO - Running MTO on file: CFIS_LSB.002.251.r.fits
2023-12-21 16:42:28,263 - INFO - Running MTO on file: CFIS_LSB.002.254.r.fits
2023-12-21 16:42:28,263 - INFO - Path to file is: /home/nick/astro/TileSlicer/data_test/test1/002_249/CFIS_LSB.002.249.r.fits
2023-12-21 16:42:28,264 - INFO - Path to file is: /home/nick/astro/TileSlicer/data_test/test1/002_250/CFIS_LSB.002.250.r.fits
2023-12-21 16:42:28,264 - INFO - Path to file is: /home/nick/astro/TileSlicer/data_test/test1/002_253/CFIS_LSB.002.253.r.fits
2023-12-21 16:42:28,265 - INFO - Path to file is: /home/nick/astro/TileSlicer/data_test/test1/002_252/CFIS_LSB.002.252.r.fits
2023-12-21 16:42:28,265 - INFO - Path to file is: /home/nick/astro/TileSlicer/data_test/test1/002_251/CFIS_LSB.002.251.r.fits
2023-12-21 16:42:28,265 - INFO - Path to file is: /home/nick/astro/TileSlicer/data_test/test1/002_254/CFIS_LSB.002.254.r.fits
2023-12-21 16:42:28,520 - INFO - MTO failed.
2023-12-21 16:42:28,520 - INFO - MTO failed.
2023-12-21 16:42:28,520 - INFO - MTO failed.
2023-12-21 16:42:28,520 - INFO - MTO failed.
2023-12-21 16:42:28,582 - INFO - MTO failed.
2023-12-21 16:42:28,588 - INFO - MTO failed.
2023-12-21 16:42:28,590 - INFO - Files downloaded. Took 0.005520848433176676 minutes.
2023-12-21 16:43:05,547 - INFO - File CFIS_LSB.002.249.r.fits was already downloaded for band cfis_lsb-r.
2023-12-21 16:43:05,548 - INFO - File CFIS_LSB.002.250.r.fits was already downloaded for band cfis_lsb-r.
2023-12-21 16:43:05,548 - INFO - Running MTO on file: CFIS_LSB.002.249.r.fits
2023-12-21 16:43:05,548 - INFO - File CFIS_LSB.002.252.r.fits was already downloaded for band cfis_lsb-r.
2023-12-21 16:43:05,549 - INFO - Running MTO on file: CFIS_LSB.002.250.r.fits
2023-12-21 16:43:05,549 - INFO - File CFIS_LSB.002.251.r.fits was already downloaded for band cfis_lsb-r.
2023-12-21 16:43:05,549 - INFO - File CFIS_LSB.002.254.r.fits was already downloaded for band cfis_lsb-r.
2023-12-21 16:43:05,550 - INFO - Path to file is: /home/nick/astro/TileSlicer/data_test/test1/002_249/CFIS_LSB.002.249.r.fits
2023-12-21 16:43:05,550 - INFO - File CFIS_LSB.002.253.r.fits was already downloaded for band cfis_lsb-r.
2023-12-21 16:43:05,550 - INFO - Running MTO on file: CFIS_LSB.002.252.r.fits
2023-12-21 16:43:05,551 - INFO - Path to file is: /home/nick/astro/TileSlicer/data_test/test1/002_250/CFIS_LSB.002.250.r.fits
2023-12-21 16:43:05,551 - INFO - Running MTO on file: CFIS_LSB.002.251.r.fits
2023-12-21 16:43:05,552 - INFO - Running MTO on file: CFIS_LSB.002.254.r.fits
2023-12-21 16:43:05,553 - INFO - Running MTO on file: CFIS_LSB.002.253.r.fits
2023-12-21 16:43:05,553 - INFO - Path to file is: /home/nick/astro/TileSlicer/data_test/test1/002_252/CFIS_LSB.002.252.r.fits
2023-12-21 16:43:05,554 - INFO - Path to file is: /home/nick/astro/TileSlicer/data_test/test1/002_251/CFIS_LSB.002.251.r.fits
2023-12-21 16:43:05,554 - INFO - Path to file is: /home/nick/astro/TileSlicer/data_test/test1/002_254/CFIS_LSB.002.254.r.fits
2023-12-21 16:43:05,555 - INFO - Path to file is: /home/nick/astro/TileSlicer/data_test/test1/002_253/CFIS_LSB.002.253.r.fits
2023-12-21 16:43:05,803 - INFO - MTO failed.
2023-12-21 16:43:05,803 - INFO - MTO failed.
2023-12-21 16:43:05,804 - INFO - MTO failed.
2023-12-21 16:43:05,807 - INFO - MTO failed.
2023-12-21 16:43:05,869 - INFO - MTO failed.
2023-12-21 16:43:05,870 - INFO - MTO failed.
2023-12-21 16:43:05,871 - INFO - Files downloaded. Took 0.005408052603403727 minutes.
2023-12-21 16:44:14,446 - INFO - File CFIS_LSB.002.249.r.fits was already downloaded for band cfis_lsb-r.
2023-12-21 16:44:14,446 - INFO - File CFIS_LSB.002.250.r.fits was already downloaded for band cfis_lsb-r.
2023-12-21 16:44:14,447 - INFO - File CFIS_LSB.002.254.r.fits was already downloaded for band cfis_lsb-r.
2023-12-21 16:44:14,447 - INFO - Running MTO on file: CFIS_LSB.002.249.r.fits
2023-12-21 16:44:14,447 - INFO - File CFIS_LSB.002.252.r.fits was already downloaded for band cfis_lsb-r.
2023-12-21 16:44:14,447 - INFO - File CFIS_LSB.002.253.r.fits was already downloaded for band cfis_lsb-r.
2023-12-21 16:44:14,447 - INFO - File CFIS_LSB.002.251.r.fits was already downloaded for band cfis_lsb-r.
2023-12-21 16:44:14,448 - INFO - Running MTO on file: CFIS_LSB.002.254.r.fits
2023-12-21 16:44:14,448 - INFO - Running MTO on file: CFIS_LSB.002.250.r.fits
2023-12-21 16:44:14,449 - INFO - Path to file is: /home/nick/astro/TileSlicer/data_test/test1/002_249/CFIS_LSB.002.249.r.fits
2023-12-21 16:44:14,449 - INFO - Running MTO on file: CFIS_LSB.002.252.r.fits
2023-12-21 16:44:14,449 - INFO - Running MTO on file: CFIS_LSB.002.253.r.fits
2023-12-21 16:44:14,450 - INFO - Running MTO on file: CFIS_LSB.002.251.r.fits
2023-12-21 16:44:14,450 - INFO - Path to file is: /home/nick/astro/TileSlicer/data_test/test1/002_254/CFIS_LSB.002.254.r.fits
2023-12-21 16:44:14,450 - INFO - Path to file is: /home/nick/astro/TileSlicer/data_test/test1/002_250/CFIS_LSB.002.250.r.fits
2023-12-21 16:44:14,452 - INFO - Path to file is: /home/nick/astro/TileSlicer/data_test/test1/002_252/CFIS_LSB.002.252.r.fits
2023-12-21 16:44:14,452 - INFO - Path to file is: /home/nick/astro/TileSlicer/data_test/test1/002_253/CFIS_LSB.002.253.r.fits
2023-12-21 16:44:14,453 - INFO - Path to file is: /home/nick/astro/TileSlicer/data_test/test1/002_251/CFIS_LSB.002.251.r.fits
2023-12-21 16:44:14,703 - INFO - MTO failed.
2023-12-21 16:44:14,706 - INFO - MTO failed.
2023-12-21 16:44:14,706 - INFO - MTO failed.
2023-12-21 16:44:14,707 - INFO - MTO failed.
2023-12-21 16:44:14,767 - INFO - MTO failed.
2023-12-21 16:44:14,769 - INFO - MTO failed.
2023-12-21 16:44:14,770 - INFO - Files downloaded. Took 0.005413242181142171 minutes.
2023-12-21 16:45:09,594 - INFO - File CFIS_LSB.002.249.r.fits was already downloaded for band cfis_lsb-r.
2023-12-21 16:45:09,595 - INFO - File CFIS_LSB.002.250.r.fits was already downloaded for band cfis_lsb-r.
2023-12-21 16:45:09,596 - INFO - Running MTO on file: CFIS_LSB.002.249.r.fits
2023-12-21 16:45:09,596 - INFO - Running MTO on file: CFIS_LSB.002.250.r.fits
2023-12-21 16:45:09,596 - INFO - File CFIS_LSB.002.251.r.fits was already downloaded for band cfis_lsb-r.
2023-12-21 16:45:09,596 - INFO - File CFIS_LSB.002.252.r.fits was already downloaded for band cfis_lsb-r.
2023-12-21 16:45:09,597 - INFO - File CFIS_LSB.002.253.r.fits was already downloaded for band cfis_lsb-r.
2023-12-21 16:45:09,597 - INFO - File CFIS_LSB.002.254.r.fits was already downloaded for band cfis_lsb-r.
2023-12-21 16:45:09,597 - INFO - Path to file is: /home/nick/astro/TileSlicer/data_test/test1/002_249/CFIS_LSB.002.249.r.fits
2023-12-21 16:45:09,598 - INFO - Path to file is: /home/nick/astro/TileSlicer/data_test/test1/002_250/CFIS_LSB.002.250.r.fits
2023-12-21 16:45:09,598 - INFO - Running MTO on file: CFIS_LSB.002.251.r.fits
2023-12-21 16:45:09,599 - INFO - Running MTO on file: CFIS_LSB.002.252.r.fits
2023-12-21 16:45:09,599 - INFO - Running MTO on file: CFIS_LSB.002.253.r.fits
2023-12-21 16:45:09,599 - INFO - Running MTO on file: CFIS_LSB.002.254.r.fits
2023-12-21 16:45:09,601 - INFO - Path to file is: /home/nick/astro/TileSlicer/data_test/test1/002_251/CFIS_LSB.002.251.r.fits
2023-12-21 16:45:09,602 - INFO - Path to file is: /home/nick/astro/TileSlicer/data_test/test1/002_252/CFIS_LSB.002.252.r.fits
2023-12-21 16:45:09,602 - INFO - Path to file is: /home/nick/astro/TileSlicer/data_test/test1/002_253/CFIS_LSB.002.253.r.fits
2023-12-21 16:45:09,602 - INFO - Path to file is: /home/nick/astro/TileSlicer/data_test/test1/002_254/CFIS_LSB.002.254.r.fits
2023-12-21 16:45:09,851 - INFO - MTO failed.
2023-12-21 16:45:09,851 - INFO - MTO failed.
2023-12-21 16:45:09,852 - INFO - MTO failed.
2023-12-21 16:45:09,860 - INFO - MTO failed.
2023-12-21 16:45:09,921 - INFO - MTO failed.
2023-12-21 16:45:09,926 - INFO - MTO failed.
2023-12-21 16:45:09,928 - INFO - Files downloaded. Took 0.005565742651621501 minutes.
2023-12-21 16:48:36,767 - INFO - File CFIS_LSB.002.249.r.fits was already downloaded for band cfis_lsb-r.
2023-12-21 16:48:36,768 - INFO - File CFIS_LSB.002.253.r.fits was already downloaded for band cfis_lsb-r.
2023-12-21 16:48:36,768 - INFO - File CFIS_LSB.002.252.r.fits was already downloaded for band cfis_lsb-r.
2023-12-21 16:48:36,769 - INFO - File CFIS_LSB.002.250.r.fits was already downloaded for band cfis_lsb-r.
2023-12-21 16:48:36,769 - INFO - File CFIS_LSB.002.254.r.fits was already downloaded for band cfis_lsb-r.
2023-12-21 16:48:36,769 - INFO - Running MTO on file: CFIS_LSB.002.249.r.fits
2023-12-21 16:48:36,769 - INFO - File CFIS_LSB.002.251.r.fits was already downloaded for band cfis_lsb-r.
2023-12-21 16:48:36,769 - INFO - Running MTO on file: CFIS_LSB.002.253.r.fits
2023-12-21 16:48:36,770 - INFO - Running MTO on file: CFIS_LSB.002.252.r.fits
2023-12-21 16:48:36,770 - INFO - Running MTO on file: CFIS_LSB.002.250.r.fits
2023-12-21 16:48:36,770 - INFO - Running MTO on file: CFIS_LSB.002.254.r.fits
2023-12-21 16:48:36,771 - INFO - Path to file is: /home/nick/astro/TileSlicer/data_test/test1/002_249/CFIS_LSB.002.249.r.fits
2023-12-21 16:48:36,771 - INFO - Running MTO on file: CFIS_LSB.002.251.r.fits
2023-12-21 16:48:36,771 - INFO - Path to file is: /home/nick/astro/TileSlicer/data_test/test1/002_253/CFIS_LSB.002.253.r.fits
2023-12-21 16:48:36,772 - INFO - Path to file is: /home/nick/astro/TileSlicer/data_test/test1/002_252/CFIS_LSB.002.252.r.fits
2023-12-21 16:48:36,772 - INFO - Path to file is: /home/nick/astro/TileSlicer/data_test/test1/002_250/CFIS_LSB.002.250.r.fits
2023-12-21 16:48:36,773 - INFO - Path to file is: /home/nick/astro/TileSlicer/data_test/test1/002_254/CFIS_LSB.002.254.r.fits
2023-12-21 16:48:36,773 - INFO - Path to file is: /home/nick/astro/TileSlicer/data_test/test1/002_251/CFIS_LSB.002.251.r.fits
2023-12-21 16:48:36,782 - INFO - MTO failed.
2023-12-21 16:48:36,782 - INFO - MTO failed.
2023-12-21 16:48:36,784 - INFO - MTO failed.
2023-12-21 16:48:36,785 - INFO - MTO failed.
2023-12-21 16:48:36,786 - INFO - MTO failed.
2023-12-21 16:48:36,787 - INFO - MTO failed.
2023-12-21 16:48:36,787 - INFO - Files downloaded. Took 0.0003376046816507975 minutes.
2023-12-21 16:49:29,176 - INFO - File CFIS_LSB.002.249.r.fits was already downloaded for band cfis_lsb-r.
2023-12-21 16:49:29,177 - INFO - Running MTO on file: CFIS_LSB.002.249.r.fits
2023-12-21 16:49:29,177 - INFO - File CFIS_LSB.002.252.r.fits was already downloaded for band cfis_lsb-r.
2023-12-21 16:49:29,177 - INFO - File CFIS_LSB.002.251.r.fits was already downloaded for band cfis_lsb-r.
2023-12-21 16:49:29,177 - INFO - File CFIS_LSB.002.250.r.fits was already downloaded for band cfis_lsb-r.
2023-12-21 16:49:29,178 - INFO - File CFIS_LSB.002.253.r.fits was already downloaded for band cfis_lsb-r.
2023-12-21 16:49:29,178 - INFO - File CFIS_LSB.002.254.r.fits was already downloaded for band cfis_lsb-r.
2023-12-21 16:49:29,178 - INFO - Path to file is: /home/nick/astro/TileSlicer/data_test/test1/002_249/CFIS_LSB.002.249.r.fits
2023-12-21 16:49:29,179 - INFO - Running MTO on file: CFIS_LSB.002.252.r.fits
2023-12-21 16:49:29,179 - INFO - Running MTO on file: CFIS_LSB.002.251.r.fits
2023-12-21 16:49:29,179 - INFO - Running MTO on file: CFIS_LSB.002.250.r.fits
2023-12-21 16:49:29,180 - INFO - Running MTO on file: CFIS_LSB.002.253.r.fits
2023-12-21 16:49:29,180 - INFO - Running MTO on file: CFIS_LSB.002.254.r.fits
2023-12-21 16:49:29,181 - INFO - Path to file is: /home/nick/astro/TileSlicer/data_test/test1/002_252/CFIS_LSB.002.252.r.fits
2023-12-21 16:49:29,181 - INFO - Path to file is: /home/nick/astro/TileSlicer/data_test/test1/002_251/CFIS_LSB.002.251.r.fits
2023-12-21 16:49:29,182 - INFO - Path to file is: /home/nick/astro/TileSlicer/data_test/test1/002_250/CFIS_LSB.002.250.r.fits
2023-12-21 16:49:29,182 - INFO - Path to file is: /home/nick/astro/TileSlicer/data_test/test1/002_253/CFIS_LSB.002.253.r.fits
2023-12-21 16:49:29,184 - INFO - Path to file is: /home/nick/astro/TileSlicer/data_test/test1/002_254/CFIS_LSB.002.254.r.fits
2023-12-21 16:49:29,188 - INFO - MTO failed.
2023-12-21 16:49:29,190 - INFO - MTO failed.
2023-12-21 16:49:29,190 - INFO - MTO failed.
2023-12-21 16:49:29,191 - INFO - MTO failed.
2023-12-21 16:49:29,194 - INFO - MTO failed.
2023-12-21 16:49:29,194 - INFO - MTO failed.
2023-12-21 16:49:29,195 - INFO - Files downloaded. Took 0.00032618045806884763 minutes.
2023-12-21 16:50:38,803 - INFO - File CFIS_LSB.002.249.r.fits was already downloaded for band cfis_lsb-r.
2023-12-21 16:50:38,805 - INFO - Running MTO on file: CFIS_LSB.002.249.r.fits
2023-12-21 16:50:38,805 - INFO - File CFIS_LSB.002.250.r.fits was already downloaded for band cfis_lsb-r.
2023-12-21 16:50:38,806 - INFO - Path to file is: /home/nick/astro/TileSlicer/data_test/test1/002_249/CFIS_LSB.002.249.r.fits
2023-12-21 16:50:38,806 - INFO - File CFIS_LSB.002.252.r.fits was already downloaded for band cfis_lsb-r.
2023-12-21 16:50:38,807 - INFO - File CFIS_LSB.002.251.r.fits was already downloaded for band cfis_lsb-r.
2023-12-21 16:50:38,807 - INFO - Running MTO on file: CFIS_LSB.002.250.r.fits
2023-12-21 16:50:38,807 - INFO - File CFIS_LSB.002.253.r.fits was already downloaded for band cfis_lsb-r.
2023-12-21 16:50:38,808 - INFO - Running MTO on file: CFIS_LSB.002.252.r.fits
2023-12-21 16:50:38,808 - INFO - File CFIS_LSB.002.254.r.fits was already downloaded for band cfis_lsb-r.
2023-12-21 16:50:38,808 - INFO - Running MTO on file: CFIS_LSB.002.251.r.fits
2023-12-21 16:50:38,809 - INFO - Path to file is: /home/nick/astro/TileSlicer/data_test/test1/002_250/CFIS_LSB.002.250.r.fits
2023-12-21 16:50:38,809 - INFO - Running MTO on file: CFIS_LSB.002.253.r.fits
2023-12-21 16:50:38,810 - INFO - Path to file is: /home/nick/astro/TileSlicer/data_test/test1/002_252/CFIS_LSB.002.252.r.fits
2023-12-21 16:50:38,810 - INFO - Running MTO on file: CFIS_LSB.002.254.r.fits
2023-12-21 16:50:38,810 - INFO - Path to file is: /home/nick/astro/TileSlicer/data_test/test1/002_251/CFIS_LSB.002.251.r.fits
2023-12-21 16:50:38,811 - INFO - Path to file is: /home/nick/astro/TileSlicer/data_test/test1/002_253/CFIS_LSB.002.253.r.fits
2023-12-21 16:50:38,812 - INFO - Path to file is: /home/nick/astro/TileSlicer/data_test/test1/002_254/CFIS_LSB.002.254.r.fits
2023-12-21 16:50:38,815 - INFO - MTO failed.
2023-12-21 16:50:38,819 - INFO - MTO failed.
2023-12-21 16:50:38,819 - INFO - MTO failed.
2023-12-21 16:50:38,824 - INFO - MTO failed.
2023-12-21 16:50:38,824 - INFO - MTO failed.
2023-12-21 16:50:38,824 - INFO - MTO failed.
2023-12-21 16:50:38,825 - INFO - Files downloaded. Took 0.00037546952565511066 minutes.
2023-12-21 16:52:37,580 - INFO - File CFIS_LSB.002.249.r.fits was already downloaded for band cfis_lsb-r.
2023-12-21 16:52:37,580 - INFO - File CFIS_LSB.002.251.r.fits was already downloaded for band cfis_lsb-r.
2023-12-21 16:52:37,580 - INFO - File CFIS_LSB.002.250.r.fits was already downloaded for band cfis_lsb-r.
2023-12-21 16:52:37,581 - INFO - Running MTO on file: CFIS_LSB.002.249.r.fits
2023-12-21 16:52:37,581 - INFO - File CFIS_LSB.002.253.r.fits was already downloaded for band cfis_lsb-r.
2023-12-21 16:52:37,581 - INFO - Running MTO on file: CFIS_LSB.002.251.r.fits
2023-12-21 16:52:37,582 - INFO - File CFIS_LSB.002.254.r.fits was already downloaded for band cfis_lsb-r.
2023-12-21 16:52:37,582 - INFO - Running MTO on file: CFIS_LSB.002.250.r.fits
2023-12-21 16:52:37,582 - INFO - File CFIS_LSB.002.252.r.fits was already downloaded for band cfis_lsb-r.
2023-12-21 16:52:37,582 - INFO - Path to file is: /home/nick/astro/TileSlicer/data_test/test1/002_249/CFIS_LSB.002.249.r.fits
2023-12-21 16:52:37,583 - INFO - Running MTO on file: CFIS_LSB.002.253.r.fits
2023-12-21 16:52:37,583 - INFO - Path to file is: /home/nick/astro/TileSlicer/data_test/test1/002_251/CFIS_LSB.002.251.r.fits
2023-12-21 16:52:37,584 - INFO - Running MTO on file: CFIS_LSB.002.254.r.fits
2023-12-21 16:52:37,584 - INFO - Path to file is: /home/nick/astro/TileSlicer/data_test/test1/002_250/CFIS_LSB.002.250.r.fits
2023-12-21 16:52:37,584 - INFO - Running MTO on file: CFIS_LSB.002.252.r.fits
2023-12-21 16:52:37,585 - INFO - Path to file is: /home/nick/astro/TileSlicer/data_test/test1/002_253/CFIS_LSB.002.253.r.fits
2023-12-21 16:52:37,586 - INFO - Path to file is: /home/nick/astro/TileSlicer/data_test/test1/002_254/CFIS_LSB.002.254.r.fits
2023-12-21 16:52:37,586 - INFO - Path to file is: /home/nick/astro/TileSlicer/data_test/test1/002_252/CFIS_LSB.002.252.r.fits
2023-12-21 16:52:37,593 - INFO - MTO failed.
2023-12-21 16:52:37,593 - INFO - MTO failed.
2023-12-21 16:52:37,593 - INFO - MTO failed.
2023-12-21 16:52:37,595 - INFO - MTO failed.
2023-12-21 16:52:37,598 - INFO - MTO failed.
2023-12-21 16:52:37,599 - INFO - MTO failed.
2023-12-21 16:52:37,600 - INFO - Files downloaded. Took 0.0003428936004638672 minutes.
2023-12-21 16:53:26,727 - INFO - File CFIS_LSB.002.251.r.fits was already downloaded for band cfis_lsb-r.
2023-12-21 16:53:26,728 - INFO - File CFIS_LSB.002.253.r.fits was already downloaded for band cfis_lsb-r.
2023-12-21 16:53:26,728 - INFO - Running MTO on file: CFIS_LSB.002.251.r.fits
2023-12-21 16:53:26,728 - INFO - File CFIS_LSB.002.250.r.fits was already downloaded for band cfis_lsb-r.
2023-12-21 16:53:26,728 - INFO - File CFIS_LSB.002.249.r.fits was already downloaded for band cfis_lsb-r.
2023-12-21 16:53:26,729 - INFO - Running MTO on file: CFIS_LSB.002.253.r.fits
2023-12-21 16:53:26,728 - INFO - File CFIS_LSB.002.254.r.fits was already downloaded for band cfis_lsb-r.
2023-12-21 16:53:26,729 - INFO - Path to file is: /home/nick/astro/TileSlicer/data_test/test1/002_253/CFIS_LSB.002.253.r.fits
2023-12-21 16:53:26,729 - INFO - File CFIS_LSB.002.252.r.fits was already downloaded for band cfis_lsb-r.
2023-12-21 16:53:26,729 - INFO - Running MTO on file: CFIS_LSB.002.250.r.fits
2023-12-21 16:53:26,730 - INFO - Running MTO on file: CFIS_LSB.002.249.r.fits
2023-12-21 16:53:26,730 - INFO - Path to file is: /home/nick/astro/TileSlicer/data_test/test1/002_251/CFIS_LSB.002.251.r.fits
2023-12-21 16:53:26,731 - INFO - Running MTO on file: CFIS_LSB.002.254.r.fits
2023-12-21 16:53:26,731 - INFO - Running MTO on file: CFIS_LSB.002.252.r.fits
2023-12-21 16:53:26,731 - INFO - Path to file is: /home/nick/astro/TileSlicer/data_test/test1/002_250/CFIS_LSB.002.250.r.fits
2023-12-21 16:53:26,732 - INFO - Path to file is: /home/nick/astro/TileSlicer/data_test/test1/002_249/CFIS_LSB.002.249.r.fits
2023-12-21 16:53:26,732 - INFO - Path to file is: /home/nick/astro/TileSlicer/data_test/test1/002_254/CFIS_LSB.002.254.r.fits
2023-12-21 16:53:26,733 - INFO - Path to file is: /home/nick/astro/TileSlicer/data_test/test1/002_252/CFIS_LSB.002.252.r.fits
2023-12-21 16:53:26,740 - INFO - MTO failed.
2023-12-21 16:53:26,740 - INFO - MTO failed.
2023-12-21 16:53:26,741 - INFO - MTO failed.
2023-12-21 16:53:26,744 - INFO - MTO failed.
2023-12-21 16:53:26,745 - INFO - MTO failed.
2023-12-21 16:53:26,746 - INFO - MTO failed.
2023-12-21 16:53:26,746 - INFO - Files downloaded. Took 0.0003331144650777181 minutes.
2023-12-21 16:54:53,620 - INFO - File CFIS_LSB.002.249.r.fits was already downloaded for band cfis_lsb-r.
2023-12-21 16:54:53,620 - INFO - File CFIS_LSB.002.251.r.fits was already downloaded for band cfis_lsb-r.
2023-12-21 16:54:53,620 - INFO - File CFIS_LSB.002.250.r.fits was already downloaded for band cfis_lsb-r.
2023-12-21 16:54:53,620 - INFO - Running MTO on file: CFIS_LSB.002.249.r.fits
2023-12-21 16:54:53,621 - INFO - File CFIS_LSB.002.254.r.fits was already downloaded for band cfis_lsb-r.
2023-12-21 16:54:53,621 - INFO - File CFIS_LSB.002.252.r.fits was already downloaded for band cfis_lsb-r.
2023-12-21 16:54:53,621 - INFO - File CFIS_LSB.002.253.r.fits was already downloaded for band cfis_lsb-r.
2023-12-21 16:54:53,622 - INFO - Running MTO on file: CFIS_LSB.002.251.r.fits
2023-12-21 16:54:53,622 - INFO - Running MTO on file: CFIS_LSB.002.250.r.fits
2023-12-21 16:54:53,622 - INFO - Path to file is: /home/nick/astro/TileSlicer/data_test/test1/002_249/CFIS_LSB.002.249.r.fits
2023-12-21 16:54:53,623 - INFO - Running MTO on file: CFIS_LSB.002.254.r.fits
2023-12-21 16:54:53,623 - INFO - Running MTO on file: CFIS_LSB.002.252.r.fits
2023-12-21 16:54:53,624 - INFO - Running MTO on file: CFIS_LSB.002.253.r.fits
2023-12-21 16:54:53,624 - INFO - Path to file is: /home/nick/astro/TileSlicer/data_test/test1/002_251/CFIS_LSB.002.251.r.fits
2023-12-21 16:54:53,624 - INFO - Path to file is: /home/nick/astro/TileSlicer/data_test/test1/002_250/CFIS_LSB.002.250.r.fits
2023-12-21 16:54:53,625 - INFO - Path to file is: /home/nick/astro/TileSlicer/data_test/test1/002_254/CFIS_LSB.002.254.r.fits
2023-12-21 16:54:53,626 - INFO - Path to file is: /home/nick/astro/TileSlicer/data_test/test1/002_253/CFIS_LSB.002.253.r.fits
2023-12-21 16:54:53,627 - INFO - Path to file is: /home/nick/astro/TileSlicer/data_test/test1/002_252/CFIS_LSB.002.252.r.fits
2023-12-21 16:54:53,883 - INFO - MTO failed.
2023-12-21 16:54:53,884 - INFO - MTO failed.
2023-12-21 16:54:53,884 - INFO - MTO failed.
2023-12-21 16:54:53,884 - INFO - MTO failed.
2023-12-21 16:54:53,944 - INFO - MTO failed.
2023-12-21 16:54:53,948 - INFO - MTO failed.
2023-12-21 16:54:53,950 - INFO - Files downloaded. Took 0.0055114944775899255 minutes.
2023-12-21 16:58:07,356 - INFO - File CFIS_LSB.002.250.r.fits was already downloaded for band cfis_lsb-r.
2023-12-21 16:58:07,357 - INFO - File CFIS_LSB.002.249.r.fits was already downloaded for band cfis_lsb-r.
2023-12-21 16:58:07,357 - INFO - Running MTO on file: CFIS_LSB.002.250.r.fits
2023-12-21 16:58:07,358 - INFO - File CFIS_LSB.002.253.r.fits was already downloaded for band cfis_lsb-r.
2023-12-21 16:58:07,358 - INFO - File CFIS_LSB.002.251.r.fits was already downloaded for band cfis_lsb-r.
2023-12-21 16:58:07,358 - INFO - File CFIS_LSB.002.254.r.fits was already downloaded for band cfis_lsb-r.
2023-12-21 16:58:07,359 - INFO - Running MTO on file: CFIS_LSB.002.249.r.fits
2023-12-21 16:58:07,359 - INFO - File CFIS_LSB.002.252.r.fits was already downloaded for band cfis_lsb-r.
2023-12-21 16:58:07,359 - INFO - Path to file is: /home/nick/astro/TileSlicer/data_test/test1/002_250/CFIS_LSB.002.250.r.fits
2023-12-21 16:58:07,360 - INFO - Running MTO on file: CFIS_LSB.002.253.r.fits
2023-12-21 16:58:07,360 - INFO - Running MTO on file: CFIS_LSB.002.251.r.fits
2023-12-21 16:58:07,360 - INFO - Running MTO on file: CFIS_LSB.002.254.r.fits
2023-12-21 16:58:07,361 - INFO - Path to file is: /home/nick/astro/TileSlicer/data_test/test1/002_254/CFIS_LSB.002.254.r.fits
2023-12-21 16:58:07,361 - INFO - Running MTO on file: CFIS_LSB.002.252.r.fits
2023-12-21 16:58:07,362 - INFO - Path to file is: /home/nick/astro/TileSlicer/data_test/test1/002_253/CFIS_LSB.002.253.r.fits
2023-12-21 16:58:07,362 - INFO - Path to file is: /home/nick/astro/TileSlicer/data_test/test1/002_251/CFIS_LSB.002.251.r.fits
2023-12-21 16:58:07,363 - INFO - Path to file is: /home/nick/astro/TileSlicer/data_test/test1/002_249/CFIS_LSB.002.249.r.fits
2023-12-21 16:58:07,363 - INFO - Path to file is: /home/nick/astro/TileSlicer/data_test/test1/002_252/CFIS_LSB.002.252.r.fits
2023-12-21 16:58:07,888 - INFO - MTO failed.
2023-12-21 16:58:07,888 - INFO - MTO failed.
2023-12-21 16:58:07,922 - INFO - MTO failed.
2023-12-21 16:58:07,968 - INFO - MTO failed.
2023-12-21 16:58:07,972 - INFO - MTO failed.
2023-12-21 16:58:08,014 - INFO - MTO failed.
2023-12-21 16:58:08,016 - INFO - Files downloaded. Took 0.010995984077453613 minutes.
2023-12-21 17:21:59,539 - INFO - File CFIS_LSB.002.249.r.fits was already downloaded for band cfis_lsb-r.
2023-12-21 17:21:59,540 - INFO - File CFIS_LSB.002.251.r.fits was already downloaded for band cfis_lsb-r.
2023-12-21 17:21:59,540 - INFO - File CFIS_LSB.002.252.r.fits was already downloaded for band cfis_lsb-r.
2023-12-21 17:21:59,540 - INFO - File CFIS_LSB.002.253.r.fits was already downloaded for band cfis_lsb-r.
2023-12-21 17:21:59,540 - INFO - File CFIS_LSB.002.254.r.fits was already downloaded for band cfis_lsb-r.
2023-12-21 17:21:59,540 - INFO - File CFIS_LSB.002.250.r.fits was already downloaded for band cfis_lsb-r.
2023-12-21 17:21:59,541 - INFO - Running MTO on file: CFIS_LSB.002.249.r.fits
2023-12-21 17:21:59,541 - INFO - Running MTO on file: CFIS_LSB.002.251.r.fits
2023-12-21 17:21:59,542 - INFO - Running MTO on file: CFIS_LSB.002.252.r.fits
2023-12-21 17:21:59,542 - INFO - Running MTO on file: CFIS_LSB.002.253.r.fits
2023-12-21 17:21:59,542 - INFO - Running MTO on file: CFIS_LSB.002.254.r.fits
2023-12-21 17:21:59,543 - INFO - Running MTO on file: CFIS_LSB.002.250.r.fits
2023-12-21 17:21:59,543 - INFO - Path to file is: /home/nick/astro/TileSlicer/data_test/test1/002_249/CFIS_LSB.002.249.r.fits
2023-12-21 17:21:59,544 - INFO - Path to file is: /home/nick/astro/TileSlicer/data_test/test1/002_252/CFIS_LSB.002.252.r.fits
2023-12-21 17:21:59,544 - INFO - Path to file is: /home/nick/astro/TileSlicer/data_test/test1/002_253/CFIS_LSB.002.253.r.fits
2023-12-21 17:21:59,545 - INFO - Path to file is: /home/nick/astro/TileSlicer/data_test/test1/002_254/CFIS_LSB.002.254.r.fits
2023-12-21 17:21:59,545 - INFO - Path to file is: /home/nick/astro/TileSlicer/data_test/test1/002_250/CFIS_LSB.002.250.r.fits
2023-12-21 17:21:59,546 - INFO - Path to file is: /home/nick/astro/TileSlicer/data_test/test1/002_251/CFIS_LSB.002.251.r.fits
2023-12-21 17:22:00,086 - INFO - MTO failed.
2023-12-21 17:22:00,086 - INFO - MTO failed.
2023-12-21 17:22:00,091 - INFO - MTO failed.
2023-12-21 17:22:00,115 - INFO - MTO failed.
2023-12-21 17:22:00,173 - INFO - MTO failed.
2023-12-21 17:22:00,214 - INFO - MTO failed.
2023-12-21 17:22:00,216 - INFO - Files downloaded. Took 0.011280802885691325 minutes.
2023-12-21 17:23:09,303 - INFO - File CFIS_LSB.002.249.r.fits was already downloaded for band cfis_lsb-r.
2023-12-21 17:23:09,304 - INFO - Running MTO on file: CFIS_LSB.002.249.r.fits
2023-12-21 17:23:09,305 - INFO - File CFIS_LSB.002.252.r.fits was already downloaded for band cfis_lsb-r.
2023-12-21 17:23:09,305 - INFO - File CFIS_LSB.002.253.r.fits was already downloaded for band cfis_lsb-r.
2023-12-21 17:23:09,305 - INFO - File CFIS_LSB.002.254.r.fits was already downloaded for band cfis_lsb-r.
2023-12-21 17:23:09,305 - INFO - Path to file is: /home/nick/astro/TileSlicer/data_test/test1/002_249/CFIS_LSB.002.249.r.fits
2023-12-21 17:23:09,305 - INFO - File CFIS_LSB.002.251.r.fits was already downloaded for band cfis_lsb-r.
2023-12-21 17:23:09,305 - INFO - File CFIS_LSB.002.250.r.fits was already downloaded for band cfis_lsb-r.
2023-12-21 17:23:09,305 - INFO - Running MTO on file: CFIS_LSB.002.252.r.fits
2023-12-21 17:23:09,306 - INFO - Running MTO on file: CFIS_LSB.002.253.r.fits
2023-12-21 17:23:09,306 - INFO - Running MTO on file: CFIS_LSB.002.254.r.fits
2023-12-21 17:23:09,307 - INFO - Running MTO on file: CFIS_LSB.002.251.r.fits
2023-12-21 17:23:09,307 - INFO - Path to file is: /home/nick/astro/TileSlicer/data_test/test1/002_251/CFIS_LSB.002.251.r.fits
2023-12-21 17:23:09,308 - INFO - Path to file is: /home/nick/astro/TileSlicer/data_test/test1/002_252/CFIS_LSB.002.252.r.fits
2023-12-21 17:23:09,308 - INFO - Path to file is: /home/nick/astro/TileSlicer/data_test/test1/002_253/CFIS_LSB.002.253.r.fits
2023-12-21 17:23:09,308 - INFO - Path to file is: /home/nick/astro/TileSlicer/data_test/test1/002_254/CFIS_LSB.002.254.r.fits
2023-12-21 17:23:09,309 - INFO - Running MTO on file: CFIS_LSB.002.250.r.fits
2023-12-21 17:23:09,311 - INFO - Path to file is: /home/nick/astro/TileSlicer/data_test/test1/002_250/CFIS_LSB.002.250.r.fits
2023-12-21 17:23:09,315 - INFO - MTO failed.
2023-12-21 17:23:09,317 - INFO - MTO failed.
2023-12-21 17:23:09,319 - INFO - MTO failed.
2023-12-21 17:23:09,321 - INFO - MTO failed.
2023-12-21 17:23:09,322 - INFO - MTO failed.
2023-12-21 17:23:09,322 - INFO - MTO failed.
2023-12-21 17:23:09,323 - INFO - Files downloaded. Took 0.0003278175989786784 minutes.
2023-12-21 17:23:28,225 - INFO - File CFIS_LSB.002.249.r.fits was already downloaded for band cfis_lsb-r.
2023-12-21 17:23:28,226 - INFO - Running MTO on file: CFIS_LSB.002.249.r.fits
2023-12-21 17:23:28,227 - INFO - File CFIS_LSB.002.250.r.fits was already downloaded for band cfis_lsb-r.
2023-12-21 17:23:28,227 - INFO - Path to file is: /home/nick/astro/TileSlicer/data_test/test1/002_249/CFIS_LSB.002.249.r.fits
2023-12-21 17:23:28,227 - INFO - File CFIS_LSB.002.251.r.fits was already downloaded for band cfis_lsb-r.
2023-12-21 17:23:28,227 - INFO - Running MTO on file: CFIS_LSB.002.250.r.fits
2023-12-21 17:23:28,227 - INFO - File CFIS_LSB.002.252.r.fits was already downloaded for band cfis_lsb-r.
2023-12-21 17:23:28,228 - INFO - File CFIS_LSB.002.253.r.fits was already downloaded for band cfis_lsb-r.
2023-12-21 17:23:28,228 - INFO - Running MTO on file: CFIS_LSB.002.251.r.fits
2023-12-21 17:23:28,229 - INFO - Path to file is: /home/nick/astro/TileSlicer/data_test/test1/002_250/CFIS_LSB.002.250.r.fits
2023-12-21 17:23:28,229 - INFO - File CFIS_LSB.002.254.r.fits was already downloaded for band cfis_lsb-r.
2023-12-21 17:23:28,229 - INFO - Running MTO on file: CFIS_LSB.002.252.r.fits
2023-12-21 17:23:28,230 - INFO - Running MTO on file: CFIS_LSB.002.253.r.fits
2023-12-21 17:23:28,230 - INFO - Path to file is: /home/nick/astro/TileSlicer/data_test/test1/002_251/CFIS_LSB.002.251.r.fits
2023-12-21 17:23:28,230 - INFO - Running MTO on file: CFIS_LSB.002.254.r.fits
2023-12-21 17:23:28,231 - INFO - Path to file is: /home/nick/astro/TileSlicer/data_test/test1/002_252/CFIS_LSB.002.252.r.fits
2023-12-21 17:23:28,232 - INFO - Path to file is: /home/nick/astro/TileSlicer/data_test/test1/002_253/CFIS_LSB.002.253.r.fits
2023-12-21 17:23:28,232 - INFO - Path to file is: /home/nick/astro/TileSlicer/data_test/test1/002_254/CFIS_LSB.002.254.r.fits
2023-12-21 17:23:28,741 - INFO - MTO failed.
2023-12-21 17:23:28,741 - INFO - MTO failed.
2023-12-21 17:23:28,742 - INFO - MTO failed.
2023-12-21 17:23:28,747 - INFO - MTO failed.
2023-12-21 17:23:28,852 - INFO - MTO failed.
2023-12-21 17:23:28,872 - INFO - MTO failed.
2023-12-21 17:23:28,873 - INFO - Files downloaded. Took 0.010808626810709635 minutes.
2023-12-21 17:26:00,864 - INFO - File CFIS_LSB.002.251.r.fits was already downloaded for band cfis_lsb-r.
2023-12-21 17:26:00,864 - INFO - File CFIS_LSB.002.250.r.fits was already downloaded for band cfis_lsb-r.
2023-12-21 17:26:00,864 - INFO - File CFIS_LSB.002.249.r.fits was already downloaded for band cfis_lsb-r.
2023-12-21 17:26:00,865 - INFO - Running MTO on file: CFIS_LSB.002.251.r.fits
2023-12-21 17:26:00,865 - INFO - File CFIS_LSB.002.253.r.fits was already downloaded for band cfis_lsb-r.
2023-12-21 17:26:00,865 - INFO - Running MTO on file: CFIS_LSB.002.250.r.fits
2023-12-21 17:26:00,866 - INFO - File CFIS_LSB.002.252.r.fits was already downloaded for band cfis_lsb-r.
2023-12-21 17:26:00,867 - INFO - Running MTO on file: CFIS_LSB.002.249.r.fits
2023-12-21 17:26:00,867 - INFO - Path to file is: /home/nick/astro/TileSlicer/data_test/test1/002_251/CFIS_LSB.002.251.r.fits
2023-12-21 17:26:00,868 - INFO - Running MTO on file: CFIS_LSB.002.253.r.fits
2023-12-21 17:26:00,868 - INFO - File CFIS_LSB.002.254.r.fits was already downloaded for band cfis_lsb-r.
2023-12-21 17:26:00,868 - INFO - Path to file is: /home/nick/astro/TileSlicer/data_test/test1/002_250/CFIS_LSB.002.250.r.fits
2023-12-21 17:26:00,869 - INFO - Running MTO on file: CFIS_LSB.002.252.r.fits
2023-12-21 17:26:00,869 - INFO - Path to file is: /home/nick/astro/TileSlicer/data_test/test1/002_249/CFIS_LSB.002.249.r.fits
2023-12-21 17:26:00,870 - INFO - Path to file is: /home/nick/astro/TileSlicer/data_test/test1/002_253/CFIS_LSB.002.253.r.fits
2023-12-21 17:26:00,871 - INFO - Running MTO on file: CFIS_LSB.002.254.r.fits
2023-12-21 17:26:00,871 - INFO - Path to file is: /home/nick/astro/TileSlicer/data_test/test1/002_252/CFIS_LSB.002.252.r.fits
2023-12-21 17:26:00,873 - INFO - Path to file is: /home/nick/astro/TileSlicer/data_test/test1/002_254/CFIS_LSB.002.254.r.fits
2023-12-21 17:26:00,878 - INFO - MTO failed.
2023-12-21 17:26:00,880 - INFO - MTO failed.
2023-12-21 17:26:00,881 - INFO - MTO failed.
2023-12-21 17:26:00,882 - INFO - MTO failed.
2023-12-21 17:26:00,883 - INFO - MTO failed.
2023-12-21 17:26:00,885 - INFO - MTO failed.
2023-12-21 17:26:00,886 - INFO - Files downloaded. Took 0.0003804643948872884 minutes.
2023-12-21 17:26:23,395 - INFO - File CFIS_LSB.002.249.r.fits was already downloaded for band cfis_lsb-r.
2023-12-21 17:26:23,396 - INFO - File CFIS_LSB.002.250.r.fits was already downloaded for band cfis_lsb-r.
2023-12-21 17:26:23,396 - INFO - File CFIS_LSB.002.251.r.fits was already downloaded for band cfis_lsb-r.
2023-12-21 17:26:23,396 - INFO - Running MTO on file: CFIS_LSB.002.249.r.fits
2023-12-21 17:26:23,397 - INFO - File CFIS_LSB.002.252.r.fits was already downloaded for band cfis_lsb-r.
2023-12-21 17:26:23,397 - INFO - File CFIS_LSB.002.253.r.fits was already downloaded for band cfis_lsb-r.
2023-12-21 17:26:23,397 - INFO - Running MTO on file: CFIS_LSB.002.250.r.fits
2023-12-21 17:26:23,398 - INFO - Running MTO on file: CFIS_LSB.002.251.r.fits
2023-12-21 17:26:23,398 - INFO - File CFIS_LSB.002.254.r.fits was already downloaded for band cfis_lsb-r.
2023-12-21 17:26:23,398 - INFO - Path to file is: /home/nick/astro/TileSlicer/data_test/test1/002_249/CFIS_LSB.002.249.r.fits
2023-12-21 17:26:23,399 - INFO - Running MTO on file: CFIS_LSB.002.252.r.fits
2023-12-21 17:26:23,400 - INFO - Running MTO on file: CFIS_LSB.002.253.r.fits
2023-12-21 17:26:23,400 - INFO - Path to file is: /home/nick/astro/TileSlicer/data_test/test1/002_250/CFIS_LSB.002.250.r.fits
2023-12-21 17:26:23,400 - INFO - Path to file is: /home/nick/astro/TileSlicer/data_test/test1/002_251/CFIS_LSB.002.251.r.fits
2023-12-21 17:26:23,400 - INFO - Running MTO on file: CFIS_LSB.002.254.r.fits
2023-12-21 17:26:23,401 - INFO - Path to file is: /home/nick/astro/TileSlicer/data_test/test1/002_252/CFIS_LSB.002.252.r.fits
2023-12-21 17:26:23,402 - INFO - Path to file is: /home/nick/astro/TileSlicer/data_test/test1/002_253/CFIS_LSB.002.253.r.fits
2023-12-21 17:26:23,403 - INFO - Path to file is: /home/nick/astro/TileSlicer/data_test/test1/002_254/CFIS_LSB.002.254.r.fits
2023-12-21 17:27:27,976 - INFO - MTO failed.
2023-12-21 17:28:46,742 - INFO - MTO failed.
2023-12-21 17:28:51,878 - INFO - MTO failed.
2023-12-21 17:28:55,364 - INFO - MTO failed.
2023-12-21 17:28:58,439 - INFO - MTO failed.
2023-12-21 17:28:58,729 - INFO - MTO failed.
2023-12-21 17:28:58,730 - INFO - Files downloaded. Took 2.588929768403371 minutes.
2023-12-21 17:34:04,876 - INFO - File CFIS_LSB.002.249.r.fits was already downloaded for band cfis_lsb-r.
2023-12-21 17:34:04,877 - INFO - File CFIS_LSB.002.250.r.fits was already downloaded for band cfis_lsb-r.
2023-12-21 17:34:04,877 - INFO - Running MTO on file: CFIS_LSB.002.249.r.fits
2023-12-21 17:34:04,878 - INFO - Running MTO on file: CFIS_LSB.002.250.r.fits
2023-12-21 17:34:04,878 - INFO - Path to file is: /home/nick/astro/TileSlicer/data_test/test1/002_249/CFIS_LSB.002.249.r.fits
2023-12-21 17:34:04,879 - INFO - Path to file is: /home/nick/astro/TileSlicer/data_test/test1/002_250/CFIS_LSB.002.250.r.fits
2023-12-21 17:35:37,552 - INFO - Successfully processed tile (2, 250) for band cfis_lsb-r.
2023-12-21 17:35:49,678 - INFO - Successfully processed tile (2, 249) for band cfis_lsb-r.
2023-12-21 17:35:49,679 - INFO - Files downloaded. Took 1.7467304587364196 minutes.
2023-12-21 17:42:36,355 - INFO - File CFIS_LSB.002.249.r.fits was already downloaded for band cfis_lsb-r.
2023-12-21 17:42:36,355 - INFO - File CFIS_LSB.002.250.r.fits was already downloaded for band cfis_lsb-r.
2023-12-21 17:42:36,356 - INFO - Running MTO on file: CFIS_LSB.002.249.r.fits
2023-12-21 17:42:36,356 - INFO - Running MTO on file: CFIS_LSB.002.250.r.fits
2023-12-21 17:42:36,357 - INFO - Path to file is: /home/nick/astro/TileSlicer/data_test/test1/002_249/CFIS_LSB.002.249.r.fits
2023-12-21 17:42:36,357 - INFO - python /home/nick/astro/TileSlicer/mto.py /home/nick/astro/TileSlicer/data_test/test1/002_249/CFIS_LSB.002.249.r.fits -out /home/nick/astro/TileSlicer/data_test/test1/002_249/CFIS_LSB.002.249.r_seg.fits -par_out /home/nick/astro/TileSlicer/data_test/test1/002_249/CFIS_LSB.002.249.r_det_params.csv
2023-12-21 17:42:36,358 - INFO - Path to file is: /home/nick/astro/TileSlicer/data_test/test1/002_250/CFIS_LSB.002.250.r.fits
2023-12-21 17:42:36,359 - INFO - python /home/nick/astro/TileSlicer/mto.py /home/nick/astro/TileSlicer/data_test/test1/002_250/CFIS_LSB.002.250.r.fits -out /home/nick/astro/TileSlicer/data_test/test1/002_250/CFIS_LSB.002.250.r_seg.fits -par_out /home/nick/astro/TileSlicer/data_test/test1/002_250/CFIS_LSB.002.250.r_det_params.csv
2023-12-21 17:44:10,994 - INFO - MTO failed.
2023-12-21 17:44:22,809 - INFO - MTO failed.
2023-12-21 17:44:22,810 - INFO - Files processed. Took 1.7742582599322 minutes.
2023-12-21 17:48:42,016 - INFO - File CFIS_LSB.002.249.r.fits was already downloaded for band cfis_lsb-r.
2023-12-21 17:48:42,017 - INFO - Running MTO on file: CFIS_LSB.002.249.r.fits
2023-12-21 17:48:42,018 - INFO - Path to file is: /home/nick/astro/TileSlicer/data_test/test1/002_249/CFIS_LSB.002.249.r.fits
2023-12-21 17:48:42,018 - INFO - File CFIS_LSB.002.250.r.fits was already downloaded for band cfis_lsb-r.
2023-12-21 17:48:42,019 - INFO - python /home/nick/astro/TileSlicer/mto.py /home/nick/astro/TileSlicer/data_test/test1/002_249/CFIS_LSB.002.249.r.fits -out /home/nick/astro/TileSlicer/data_test/test1/002_249/CFIS_LSB.002.249.r_seg.fits -par_out /home/nick/astro/TileSlicer/data_test/test1/002_249/CFIS_LSB.002.249.r_det_params.csv
2023-12-21 17:48:42,019 - INFO - Running MTO on file: CFIS_LSB.002.250.r.fits
2023-12-21 17:48:42,020 - INFO - Path to file is: /home/nick/astro/TileSlicer/data_test/test1/002_250/CFIS_LSB.002.250.r.fits
2023-12-21 17:48:42,020 - INFO - python /home/nick/astro/TileSlicer/mto.py /home/nick/astro/TileSlicer/data_test/test1/002_250/CFIS_LSB.002.250.r.fits -out /home/nick/astro/TileSlicer/data_test/test1/002_250/CFIS_LSB.002.250.r_seg.fits -par_out /home/nick/astro/TileSlicer/data_test/test1/002_250/CFIS_LSB.002.250.r_det_params.csv
2023-12-21 17:48:42,480 - INFO - MTO failed.
2023-12-21 17:48:42,481 - INFO - MTO failed.
2023-12-21 17:48:42,482 - INFO - Files processed. Took 0.007768472035725911 minutes.
2023-12-21 17:50:49,763 - INFO - File CFIS_LSB.002.250.r.fits was already downloaded for band cfis_lsb-r.
2023-12-21 17:50:49,764 - INFO - Running MTO on file: CFIS_LSB.002.250.r.fits
2023-12-21 17:50:49,764 - INFO - File CFIS_LSB.002.249.r.fits was already downloaded for band cfis_lsb-r.
2023-12-21 17:50:49,765 - INFO - Path to file is: /home/nick/astro/TileSlicer/data_test/test1/002_250/CFIS_LSB.002.250.r.fits
2023-12-21 17:50:49,765 - INFO - Running MTO on file: CFIS_LSB.002.249.r.fits
2023-12-21 17:50:49,765 - INFO - python /home/nick/astro/TileSlicer/mto.py /home/nick/astro/TileSlicer/data_test/test1/002_250/CFIS_LSB.002.250.r.fits -out /home/nick/astro/TileSlicer/data_test/test1/002_250/CFIS_LSB.002.250.r_seg.fits -par_out /home/nick/astro/TileSlicer/data_test/test1/002_250/CFIS_LSB.002.250.r_det_params.csv
2023-12-21 17:50:49,766 - INFO - Path to file is: /home/nick/astro/TileSlicer/data_test/test1/002_249/CFIS_LSB.002.249.r.fits
2023-12-21 17:50:49,767 - INFO - python /home/nick/astro/TileSlicer/mto.py /home/nick/astro/TileSlicer/data_test/test1/002_249/CFIS_LSB.002.249.r.fits -out /home/nick/astro/TileSlicer/data_test/test1/002_249/CFIS_LSB.002.249.r_seg.fits -par_out /home/nick/astro/TileSlicer/data_test/test1/002_249/CFIS_LSB.002.249.r_det_params.csv
2023-12-21 17:50:50,175 - INFO - MTO failed.
2023-12-21 17:50:50,200 - INFO - MTO failed.
2023-12-21 17:50:50,201 - INFO - Files processed. Took 0.00730210542678833 minutes.
2023-12-21 17:51:36,258 - INFO - File CFIS_LSB.002.249.r.fits was already downloaded for band cfis_lsb-r.
2023-12-21 17:51:36,259 - INFO - File CFIS_LSB.002.250.r.fits was already downloaded for band cfis_lsb-r.
2023-12-21 17:51:36,259 - INFO - Running MTO on file: CFIS_LSB.002.249.r.fits
2023-12-21 17:51:36,259 - INFO - Running MTO on file: CFIS_LSB.002.250.r.fits
2023-12-21 17:51:36,260 - INFO - Path to file is: /home/nick/astro/TileSlicer/data_test/test1/002_249/CFIS_LSB.002.249.r.fits
2023-12-21 17:51:36,260 - INFO - Path to file is: /home/nick/astro/TileSlicer/data_test/test1/002_250/CFIS_LSB.002.250.r.fits
2023-12-21 17:51:36,261 - INFO - python /home/nick/astro/TileSlicer/mto.py /home/nick/astro/TileSlicer/data_test/test1/002_249/CFIS_LSB.002.249.r.fits -out /home/nick/astro/TileSlicer/data_test/test1/002_249/CFIS_LSB.002.249.r_seg.fits -par_out /home/nick/astro/TileSlicer/data_test/test1/002_249/CFIS_LSB.002.249.r_det_params.csv
2023-12-21 17:51:36,261 - INFO - python /home/nick/astro/TileSlicer/mto.py /home/nick/astro/TileSlicer/data_test/test1/002_250/CFIS_LSB.002.250.r.fits -out /home/nick/astro/TileSlicer/data_test/test1/002_250/CFIS_LSB.002.250.r_seg.fits -par_out /home/nick/astro/TileSlicer/data_test/test1/002_250/CFIS_LSB.002.250.r_det_params.csv
2023-12-21 17:51:36,712 - INFO - MTO failed.
2023-12-21 17:51:36,712 - INFO - MTO failed.
2023-12-21 17:51:36,713 - INFO - Files processed. Took 0.007587242126464844 minutes.
2023-12-21 17:52:12,378 - INFO - File CFIS_LSB.002.250.r.fits was already downloaded for band cfis_lsb-r.
2023-12-21 17:52:12,378 - INFO - File CFIS_LSB.002.249.r.fits was already downloaded for band cfis_lsb-r.
2023-12-21 17:52:12,378 - INFO - Running MTO on file: CFIS_LSB.002.250.r.fits
2023-12-21 17:52:12,379 - INFO - Running MTO on file: CFIS_LSB.002.249.r.fits
2023-12-21 17:52:12,379 - INFO - Path to file is: /home/nick/astro/TileSlicer/data_test/test1/002_250/CFIS_LSB.002.250.r.fits
2023-12-21 17:52:12,380 - INFO - Path to file is: /home/nick/astro/TileSlicer/data_test/test1/002_249/CFIS_LSB.002.249.r.fits
2023-12-21 17:52:12,380 - INFO - python /home/nick/astro/TileSlicer/mto.py /home/nick/astro/TileSlicer/data_test/test1/002_250/CFIS_LSB.002.250.r.fits -out /home/nick/astro/TileSlicer/data_test/test1/002_250/CFIS_LSB.002.250.r_seg.fits -par_out /home/nick/astro/TileSlicer/data_test/test1/002_250/CFIS_LSB.002.250.r_det_params.csv
2023-12-21 17:52:12,381 - INFO - python /home/nick/astro/TileSlicer/mto.py /home/nick/astro/TileSlicer/data_test/test1/002_249/CFIS_LSB.002.249.r.fits -out /home/nick/astro/TileSlicer/data_test/test1/002_249/CFIS_LSB.002.249.r_seg.fits -par_out /home/nick/astro/TileSlicer/data_test/test1/002_249/CFIS_LSB.002.249.r_det_params.csv
2023-12-21 17:53:43,529 - INFO - Successfully processed tile (2, 250) for band cfis_lsb-r.
2023-12-21 17:53:54,684 - INFO - Successfully processed tile (2, 249) for band cfis_lsb-r.
2023-12-21 17:53:54,684 - INFO - Files processed. Took 1.7051360209782918 minutes.
2023-12-21 17:55:01,193 - INFO - File CFIS_LSB.002.249.r.fits was already downloaded for band cfis_lsb-r.
2023-12-21 17:55:01,194 - INFO - File CFIS_LSB.002.250.r.fits was already downloaded for band cfis_lsb-r.
2023-12-21 17:55:01,194 - INFO - Running MTO on file: CFIS_LSB.002.249.r.fits
2023-12-21 17:55:01,194 - INFO - Running MTO on file: CFIS_LSB.002.250.r.fits
2023-12-21 17:55:01,195 - INFO - Path to file is: /home/nick/astro/TileSlicer/data_test/test1/002_249/CFIS_LSB.002.249.r.fits
2023-12-21 17:55:01,195 - INFO - Path to file is: /home/nick/astro/TileSlicer/data_test/test1/002_250/CFIS_LSB.002.250.r.fits
2023-12-21 17:55:01,196 - INFO - python /home/nick/astro/TileSlicer/mto.py /home/nick/astro/TileSlicer/data_test/test1/002_249/CFIS_LSB.002.249.r.fits -out /home/nick/astro/TileSlicer/data_test/test1/002_249/CFIS_LSB.002.249.r_seg.fits -par_out /home/nick/astro/TileSlicer/data_test/test1/002_249/CFIS_LSB.002.249.r_det_params.csv
2023-12-21 17:55:01,196 - INFO - python /home/nick/astro/TileSlicer/mto.py /home/nick/astro/TileSlicer/data_test/test1/002_250/CFIS_LSB.002.250.r.fits -out /home/nick/astro/TileSlicer/data_test/test1/002_250/CFIS_LSB.002.250.r_seg.fits -par_out /home/nick/astro/TileSlicer/data_test/test1/002_250/CFIS_LSB.002.250.r_det_params.csv
2023-12-21 17:56:33,691 - INFO - MTO failed.
2023-12-21 17:56:45,542 - INFO - MTO failed.
2023-12-21 17:56:45,543 - INFO - Files processed. Took 1.7391706744829813 minutes.
2023-12-21 17:59:11,524 - INFO - File CFIS_LSB.002.249.r.fits was already downloaded for band cfis_lsb-r.
2023-12-21 17:59:11,525 - INFO - Running MTO on file: CFIS_LSB.002.249.r.fits
2023-12-21 17:59:11,525 - INFO - Path to file is: /home/nick/astro/TileSlicer/data_test/test1/002_249/CFIS_LSB.002.249.r.fits
2023-12-21 17:59:11,525 - INFO - File CFIS_LSB.002.250.r.fits was already downloaded for band cfis_lsb-r.
2023-12-21 17:59:11,526 - INFO - python /home/nick/astro/TileSlicer/mto.py /home/nick/astro/TileSlicer/data_test/test1/002_249/CFIS_LSB.002.249.r.fits -out /home/nick/astro/TileSlicer/data_test/test1/002_249/CFIS_LSB.002.249.r_seg.fits -par_out /home/nick/astro/TileSlicer/data_test/test1/002_249/CFIS_LSB.002.249.r_det_params.csv
2023-12-21 17:59:11,526 - INFO - Running MTO on file: CFIS_LSB.002.250.r.fits
2023-12-21 17:59:11,527 - INFO - Path to file is: /home/nick/astro/TileSlicer/data_test/test1/002_250/CFIS_LSB.002.250.r.fits
2023-12-21 17:59:11,528 - INFO - python /home/nick/astro/TileSlicer/mto.py /home/nick/astro/TileSlicer/data_test/test1/002_250/CFIS_LSB.002.250.r.fits -out /home/nick/astro/TileSlicer/data_test/test1/002_250/CFIS_LSB.002.250.r_seg.fits -par_out /home/nick/astro/TileSlicer/data_test/test1/002_250/CFIS_LSB.002.250.r_det_params.csv
2023-12-21 18:00:45,783 - INFO - Successfully processed tile (2, 250) for band cfis_lsb-r.
2023-12-21 18:00:56,921 - INFO - Successfully processed tile (2, 249) for band cfis_lsb-r.
2023-12-21 18:00:56,922 - INFO - Files processed. Took 1.756643040974935 minutes.
2023-12-21 18:01:42,418 - INFO - File CFIS_LSB.002.249.r.fits was already downloaded for band cfis_lsb-r.
2023-12-21 18:01:42,419 - INFO - File CFIS_LSB.002.250.r.fits was already downloaded for band cfis_lsb-r.
2023-12-21 18:01:42,419 - INFO - Running MTO on file: CFIS_LSB.002.249.r.fits
2023-12-21 18:01:42,420 - INFO - Running MTO on file: CFIS_LSB.002.250.r.fits
2023-12-21 18:01:42,420 - INFO - File CFIS_LSB.002.252.r.fits was already downloaded for band cfis_lsb-r.
2023-12-21 18:01:42,420 - INFO - Path to file is: /home/nick/astro/TileSlicer/data_test/test1/002_249/CFIS_LSB.002.249.r.fits
2023-12-21 18:01:42,420 - INFO - File CFIS_LSB.002.251.r.fits was already downloaded for band cfis_lsb-r.
2023-12-21 18:01:42,421 - INFO - Path to file is: /home/nick/astro/TileSlicer/data_test/test1/002_250/CFIS_LSB.002.250.r.fits
2023-12-21 18:01:42,421 - INFO - Running MTO on file: CFIS_LSB.002.252.r.fits
2023-12-21 18:01:42,422 - INFO - python /home/nick/astro/TileSlicer/mto.py /home/nick/astro/TileSlicer/data_test/test1/002_249/CFIS_LSB.002.249.r.fits -out /home/nick/astro/TileSlicer/data_test/test1/002_249/CFIS_LSB.002.249.r_seg.fits -par_out /home/nick/astro/TileSlicer/data_test/test1/002_249/CFIS_LSB.002.249.r_det_params.csv
2023-12-21 18:01:42,423 - INFO - Running MTO on file: CFIS_LSB.002.251.r.fits
2023-12-21 18:01:42,423 - INFO - python /home/nick/astro/TileSlicer/mto.py /home/nick/astro/TileSlicer/data_test/test1/002_250/CFIS_LSB.002.250.r.fits -out /home/nick/astro/TileSlicer/data_test/test1/002_250/CFIS_LSB.002.250.r_seg.fits -par_out /home/nick/astro/TileSlicer/data_test/test1/002_250/CFIS_LSB.002.250.r_det_params.csv
2023-12-21 18:01:42,424 - INFO - Path to file is: /home/nick/astro/TileSlicer/data_test/test1/002_252/CFIS_LSB.002.252.r.fits
2023-12-21 18:01:42,424 - INFO - Path to file is: /home/nick/astro/TileSlicer/data_test/test1/002_251/CFIS_LSB.002.251.r.fits
2023-12-21 18:01:42,426 - INFO - python /home/nick/astro/TileSlicer/mto.py /home/nick/astro/TileSlicer/data_test/test1/002_252/CFIS_LSB.002.252.r.fits -out /home/nick/astro/TileSlicer/data_test/test1/002_252/CFIS_LSB.002.252.r_seg.fits -par_out /home/nick/astro/TileSlicer/data_test/test1/002_252/CFIS_LSB.002.252.r_det_params.csv
2023-12-21 18:01:42,426 - INFO - python /home/nick/astro/TileSlicer/mto.py /home/nick/astro/TileSlicer/data_test/test1/002_251/CFIS_LSB.002.251.r.fits -out /home/nick/astro/TileSlicer/data_test/test1/002_251/CFIS_LSB.002.251.r_seg.fits -par_out /home/nick/astro/TileSlicer/data_test/test1/002_251/CFIS_LSB.002.251.r_det_params.csv
2023-12-21 18:03:38,874 - INFO - Successfully processed tile (2, 252) for band cfis_lsb-r.
2023-12-21 18:03:41,850 - INFO - Successfully processed tile (2, 250) for band cfis_lsb-r.
2023-12-21 18:03:47,166 - INFO - Successfully processed tile (2, 251) for band cfis_lsb-r.
2023-12-21 18:03:53,462 - INFO - Successfully processed tile (2, 249) for band cfis_lsb-r.
2023-12-21 18:03:53,463 - INFO - Files processed. Took 2.1840885996818544 minutes.
2023-12-22 05:39:55,650 - INFO - File CFIS_LSB.002.253.r.fits was already downloaded for band cfis_lsb-r.
2023-12-22 05:39:55,652 - INFO - Running MTO on file: CFIS_LSB.002.253.r.fits
2023-12-22 05:39:55,652 - INFO - File CFIS_LSB.002.254.r.fits was already downloaded for band cfis_lsb-r.
2023-12-22 05:39:55,652 - INFO - Path to file is: /home/nick/astro/TileSlicer/data_test/test1/002_253/CFIS_LSB.002.253.r.fits
2023-12-22 05:39:55,653 - INFO - Running MTO on file: CFIS_LSB.002.254.r.fits
2023-12-22 05:39:55,653 - INFO - python /home/nick/astro/TileSlicer/mto.py /home/nick/astro/TileSlicer/data_test/test1/002_253/CFIS_LSB.002.253.r.fits -out /home/nick/astro/TileSlicer/data_test/test1/002_253/CFIS_LSB.002.253.r_seg.fits -par_out /home/nick/astro/TileSlicer/data_test/test1/002_253/CFIS_LSB.002.253.r_det_params.csv
2023-12-22 05:39:55,654 - INFO - Path to file is: /home/nick/astro/TileSlicer/data_test/test1/002_254/CFIS_LSB.002.254.r.fits
2023-12-22 05:39:55,654 - INFO - python /home/nick/astro/TileSlicer/mto.py /home/nick/astro/TileSlicer/data_test/test1/002_254/CFIS_LSB.002.254.r.fits -out /home/nick/astro/TileSlicer/data_test/test1/002_254/CFIS_LSB.002.254.r_seg.fits -par_out /home/nick/astro/TileSlicer/data_test/test1/002_254/CFIS_LSB.002.254.r_det_params.csv
2023-12-22 05:42:39,059 - INFO - Successfully processed tile (2, 254) for band cfis_lsb-r.
2023-12-22 05:42:40,792 - INFO - Successfully processed tile (2, 253) for band cfis_lsb-r.
2023-12-22 05:42:40,802 - INFO - Files processed. Took 2.7525463740030927 minutes.
2023-12-22 06:19:45,833 - INFO - Downloading CFIS_LSB.003.228.r.fits for band cfis_lsb-r..
2023-12-22 06:19:45,833 - INFO - Downloading CFIS_LSB.002.255.r.fits for band cfis_lsb-r..
2023-12-22 06:19:45,834 - INFO - Downloading CFIS_LSB.003.227.r.fits for band cfis_lsb-r..
2023-12-22 06:19:45,834 - INFO - Downloading CFIS_LSB.003.229.r.fits for band cfis_lsb-r..
2023-12-22 06:28:36,642 - INFO - Successfully downloaded tile (3, 227) for band cfis_lsb-r.
2023-12-22 06:28:36,659 - INFO - Finished in 8.847 minutes.
2023-12-22 06:28:36,659 - INFO - Running MTO on file: CFIS_LSB.003.227.r.fits
2023-12-22 06:30:14,158 - INFO - Successfully downloaded tile (3, 228) for band cfis_lsb-r.
2023-12-22 06:30:14,158 - INFO - Finished in 10.472 minutes.
2023-12-22 06:30:14,159 - INFO - Running MTO on file: CFIS_LSB.003.228.r.fits
2023-12-22 06:30:27,210 - INFO - Successfully processed tile (3, 227) for band cfis_lsb-r.
2023-12-22 06:32:26,433 - INFO - Successfully processed tile (3, 228) for band cfis_lsb-r.
2023-12-22 06:37:48,649 - INFO - Successfully downloaded tile (3, 229) for band cfis_lsb-r.
2023-12-22 06:37:48,650 - INFO - Finished in 18.047 minutes.
2023-12-22 06:37:48,660 - INFO - Running MTO on file: CFIS_LSB.003.229.r.fits
2023-12-22 06:38:04,596 - INFO - Successfully downloaded tile (2, 255) for band cfis_lsb-r.
2023-12-22 06:38:04,606 - INFO - Finished in 18.313 minutes.
2023-12-22 06:38:04,607 - INFO - Running MTO on file: CFIS_LSB.002.255.r.fits
2023-12-22 06:40:46,043 - INFO - Successfully processed tile (3, 229) for band cfis_lsb-r.
2023-12-22 06:40:52,675 - INFO - Successfully processed tile (2, 255) for band cfis_lsb-r.
2023-12-22 06:40:52,686 - INFO - Files processed. Took 21.114278984069824 minutes.
2023-12-22 07:22:50,499 - INFO - Downloading CFIS_LSB.000.230.r.fits for band cfis_lsb-r..
2023-12-22 07:22:50,499 - INFO - Downloading CFIS_LSB.000.229.r.fits for band cfis_lsb-r..
2023-12-22 07:22:50,499 - INFO - Downloading CFIS_LSB.000.228.r.fits for band cfis_lsb-r..
2023-12-22 07:22:50,500 - INFO - Downloading CFIS_LSB.000.227.r.fits for band cfis_lsb-r..
2023-12-22 07:22:50,501 - INFO - Downloading CFIS_LSB.000.231.r.fits for band cfis_lsb-r..
2023-12-22 07:22:50,502 - INFO - Downloading CFIS_LSB.000.232.r.fits for band cfis_lsb-r..
2023-12-22 07:23:06,338 - ERROR - Failed downloading tile (0, 231) for band cfis_lsb-r.
2023-12-22 07:23:06,339 - ERROR - Failed downloading tile (0, 228) for band cfis_lsb-r.
2023-12-22 07:23:06,339 - ERROR - Failed downloading tile (0, 227) for band cfis_lsb-r.
2023-12-22 07:23:06,339 - ERROR - Failed downloading tile (0, 229) for band cfis_lsb-r.
2023-12-22 07:23:06,339 - ERROR - Failed downloading tile (0, 232) for band cfis_lsb-r.
2023-12-22 07:23:06,339 - ERROR - Failed downloading tile (0, 230) for band cfis_lsb-r.
2023-12-22 07:23:06,340 - INFO - Running MTO on file: CFIS_LSB.000.231.r.fits
2023-12-22 07:23:06,350 - INFO - Running MTO on file: CFIS_LSB.000.228.r.fits
2023-12-22 07:23:06,351 - INFO - Running MTO on file: CFIS_LSB.000.227.r.fits
2023-12-22 07:23:06,353 - INFO - Running MTO on file: CFIS_LSB.000.229.r.fits
2023-12-22 07:23:06,354 - INFO - Running MTO on file: CFIS_LSB.000.232.r.fits
2023-12-22 07:23:06,354 - INFO - Running MTO on file: CFIS_LSB.000.230.r.fits
2023-12-22 07:23:06,894 - INFO - MTO failed.
2023-12-22 07:23:06,894 - INFO - MTO failed.
2023-12-22 07:23:06,918 - INFO - MTO failed.
2023-12-22 07:23:06,953 - INFO - MTO failed.
2023-12-22 07:23:06,980 - INFO - MTO failed.
2023-12-22 07:23:06,996 - INFO - MTO failed.
2023-12-22 07:23:06,997 - ERROR - KeyboardInterrupt detected, exiting..
Traceback (most recent call last):
  File "/tmp/ipykernel_7016/1811953543.py", line 154, in <module>
    download_tiles_parallel(tiles_to_download, band, band_dictionary, download_directory, mtobjects_path, method='command')
  File "/tmp/ipykernel_7016/1811953543.py", line 140, in download_tiles_parallel
    future.result()
  File "/home/nick/anaconda3/envs/TileSlicer/lib/python3.11/concurrent/futures/_base.py", line 451, in result
    self._condition.wait(timeout)
  File "/home/nick/anaconda3/envs/TileSlicer/lib/python3.11/threading.py", line 320, in wait
    waiter.acquire()
KeyboardInterrupt
2023-12-22 07:23:26,711 - INFO - File CFIS_LSB.000.227.r.fits was already downloaded for band cfis_lsb-r.
2023-12-22 07:23:26,712 - INFO - Running MTO on file: CFIS_LSB.000.227.r.fits
2023-12-22 07:23:26,712 - INFO - File CFIS_LSB.000.228.r.fits was already downloaded for band cfis_lsb-r.
2023-12-22 07:23:26,713 - INFO - File CFIS_LSB.000.230.r.fits was already downloaded for band cfis_lsb-r.
2023-12-22 07:23:26,713 - INFO - File CFIS_LSB.000.231.r.fits was already downloaded for band cfis_lsb-r.
2023-12-22 07:23:26,714 - INFO - Running MTO on file: CFIS_LSB.000.228.r.fits
2023-12-22 07:23:26,714 - INFO - File CFIS_LSB.000.232.r.fits was already downloaded for band cfis_lsb-r.
2023-12-22 07:23:26,714 - INFO - File CFIS_LSB.000.229.r.fits was already downloaded for band cfis_lsb-r.
2023-12-22 07:23:26,715 - INFO - Running MTO on file: CFIS_LSB.000.230.r.fits
2023-12-22 07:23:26,715 - INFO - Running MTO on file: CFIS_LSB.000.231.r.fits
2023-12-22 07:23:26,716 - INFO - Running MTO on file: CFIS_LSB.000.232.r.fits
2023-12-22 07:23:26,717 - INFO - Running MTO on file: CFIS_LSB.000.229.r.fits
2023-12-22 07:26:08,490 - INFO - MTO failed.
2023-12-22 07:30:26,733 - INFO - MTO failed.
2023-12-22 07:30:41,158 - INFO - MTO failed.
2023-12-22 07:30:42,883 - INFO - MTO failed.
2023-12-22 07:30:43,300 - INFO - MTO failed.
2023-12-22 07:30:43,347 - ERROR - KeyboardInterrupt detected, exiting..
Traceback (most recent call last):
  File "/tmp/ipykernel_7016/981091791.py", line 140, in download_tiles_parallel
    future.result()
  File "/home/nick/anaconda3/envs/TileSlicer/lib/python3.11/concurrent/futures/_base.py", line 451, in result
    self._condition.wait(timeout)
  File "/home/nick/anaconda3/envs/TileSlicer/lib/python3.11/threading.py", line 320, in wait
    waiter.acquire()
KeyboardInterrupt

During handling of the above exception, another exception occurred:

Traceback (most recent call last):
  File "/tmp/ipykernel_7016/981091791.py", line 154, in <module>
    download_tiles_parallel(tiles_to_download, band, band_dictionary, download_directory, mtobjects_path, method='command')
  File "/tmp/ipykernel_7016/981091791.py", line 131, in download_tiles_parallel
    with ThreadPoolExecutor() as executor:
  File "/home/nick/anaconda3/envs/TileSlicer/lib/python3.11/concurrent/futures/_base.py", line 647, in __exit__
    self.shutdown(wait=True)
  File "/home/nick/anaconda3/envs/TileSlicer/lib/python3.11/concurrent/futures/thread.py", line 235, in shutdown
    t.join()
  File "/home/nick/anaconda3/envs/TileSlicer/lib/python3.11/threading.py", line 1112, in join
    self._wait_for_tstate_lock()
  File "/home/nick/anaconda3/envs/TileSlicer/lib/python3.11/threading.py", line 1132, in _wait_for_tstate_lock
    if lock.acquire(block, timeout):
       ^^^^^^^^^^^^^^^^^^^^^^^^^^^^
KeyboardInterrupt
2023-12-22 07:30:44,002 - INFO - MTO failed.
2023-12-22 07:31:38,231 - INFO - File CFIS_LSB.000.228.r.fits was already downloaded for band cfis_lsb-r.
2023-12-22 07:31:38,231 - INFO - File CFIS_LSB.000.227.r.fits was already downloaded for band cfis_lsb-r.
2023-12-22 07:31:38,232 - INFO - Running MTO on file: CFIS_LSB.000.228.r.fits
2023-12-22 07:31:38,232 - INFO - File CFIS_LSB.000.230.r.fits was already downloaded for band cfis_lsb-r.
2023-12-22 07:31:38,232 - INFO - File CFIS_LSB.000.229.r.fits was already downloaded for band cfis_lsb-r.
2023-12-22 07:31:38,233 - INFO - Running MTO on file: CFIS_LSB.000.227.r.fits
2023-12-22 07:31:38,236 - INFO - Running MTO on file: CFIS_LSB.000.230.r.fits
2023-12-22 07:31:38,237 - INFO - Running MTO on file: CFIS_LSB.000.229.r.fits
2023-12-22 07:35:48,371 - INFO - MTO failed.
2023-12-22 07:36:32,704 - INFO - Successfully processed tile (0, 228) for band cfis_lsb-r.
2023-12-22 07:36:48,616 - INFO - Successfully processed tile (0, 229) for band cfis_lsb-r.
2023-12-22 07:36:50,653 - INFO - Successfully processed tile (0, 230) for band cfis_lsb-r.
2023-12-22 07:36:50,664 - INFO - Files processed. Took 5.207266231377919 minutes.
2023-12-22 07:39:35,037 - INFO - File CFIS_LSB.000.227.r.fits was already downloaded for band cfis_lsb-r.
2023-12-22 07:39:35,037 - INFO - Running MTO on file: CFIS_LSB.000.227.r.fits
2023-12-22 07:40:56,534 - INFO - Successfully processed tile (0, 227) for band cfis_lsb-r.
2023-12-22 07:40:56,535 - INFO - Files processed. Took 1.3583170374234517 minutes.
2023-12-22 07:56:17,863 - INFO - File CFIS_LSB.000.227.r.fits was already downloaded for band cfis_lsb-r.
2023-12-22 07:56:17,863 - INFO - Running MTO on file: CFIS_LSB.000.227.r.fits
2023-12-22 07:56:18,284 - INFO - MTO failed on tile (0, 227).
2023-12-22 07:56:18,294 - INFO - Files processed. Took 0.0071895837783813475 minutes.
2023-12-22 07:56:39,050 - INFO - File CFIS_LSB.000.227.r.fits was already downloaded for band cfis_lsb-r.
2023-12-22 07:56:39,051 - INFO - Running MTO on file: CFIS_LSB.000.227.r.fits
2023-12-22 07:56:39,461 - INFO - MTO failed on tile (0, 227).
2023-12-22 07:56:39,462 - INFO - Files processed. Took 0.006888111432393392 minutes.
2023-12-22 07:56:48,898 - INFO - File CFIS_LSB.000.232.r.fits was already downloaded for band cfis_lsb-r.
2023-12-22 07:56:48,898 - INFO - Running MTO on file: CFIS_LSB.000.232.r.fits
2023-12-22 07:56:49,282 - INFO - MTO failed on tile (0, 232).
2023-12-22 07:56:49,283 - INFO - Files processed. Took 0.006433959801991781 minutes.
2023-12-22 08:01:19,571 - INFO - File CFIS_LSB.000.232.r.fits was already downloaded for band cfis_lsb-r.
2023-12-22 08:01:19,572 - INFO - Running MTO on file: CFIS_LSB.000.232.r.fits
2023-12-22 08:01:19,973 - INFO - MTO failed on tile (0, 232).
2023-12-22 08:01:19,984 - INFO - Files processed. Took 0.006886422634124756 minutes.
2023-12-22 08:03:23,466 - INFO - File CFIS_LSB.000.232.r.fits was already downloaded for band cfis_lsb-r.
2023-12-22 08:03:23,467 - INFO - Running MTO on file: CFIS_LSB.000.232.r.fits
2023-12-22 08:03:23,856 - INFO - Successfully processed tile (0, 232) for band cfis_lsb-r.
2023-12-22 08:03:23,857 - INFO - Files processed. Took 0.006512637933095296 minutes.
2023-12-22 08:03:53,197 - INFO - File CFIS_LSB.000.232.r.fits was already downloaded for band cfis_lsb-r.
2023-12-22 08:03:53,197 - INFO - Running MTO on file: CFIS_LSB.000.232.r.fits
2023-12-22 08:05:20,580 - INFO - Successfully processed tile (0, 232) for band cfis_lsb-r.
2023-12-22 08:05:20,581 - INFO - Files processed. Took 1.45641184647878 minutes.
2023-12-22 08:10:13,325 - INFO - File CFIS_LSB.000.232.r.fits was already downloaded for band cfis_lsb-r.
2023-12-22 08:10:13,326 - INFO - Running MTO on file: CFIS_LSB.000.232.r.fits
2023-12-22 08:11:31,820 - INFO - Successfully processed tile (0, 232) for band cfis_lsb-r.
2023-12-22 08:11:31,821 - INFO - Files processed. Took 1.3082739194234212 minutes.
2023-12-22 08:25:44,571 - INFO - File CFIS_LSB.000.227.r.fits was already downloaded for band cfis_lsb-r.
2023-12-22 08:25:44,572 - INFO - File CFIS_LSB.000.229.r.fits was already downloaded for band cfis_lsb-r.
2023-12-22 08:25:44,574 - INFO - File CFIS_LSB.000.228.r.fits was already downloaded for band cfis_lsb-r.
2023-12-22 08:25:44,574 - INFO - Running MTO on file: CFIS_LSB.000.227.r.fits
2023-12-22 08:25:44,574 - INFO - Running MTO on file: CFIS_LSB.000.229.r.fits
2023-12-22 08:25:44,575 - INFO - Running MTO on file: CFIS_LSB.000.228.r.fits
2023-12-22 08:27:12,631 - INFO - Successfully processed tile (0, 227) for band cfis_lsb-r.
2023-12-22 08:27:13,726 - INFO - Successfully processed tile (0, 228) for band cfis_lsb-r.
2023-12-22 08:27:24,597 - INFO - Successfully processed tile (0, 229) for band cfis_lsb-r.
2023-12-22 08:27:24,607 - INFO - Files processed. Took 1.6672708113988242 minutes.
2023-12-22 11:31:20,346 - INFO - File CFIS_LSB.000.231.r.fits was already downloaded for band cfis_lsb-r.
2023-12-22 11:31:20,347 - INFO - Running MTO on file: CFIS_LSB.000.231.r.fits
2023-12-22 11:32:40,760 - INFO - Successfully processed tile (0, 231) for band cfis_lsb-r.
2023-12-22 11:32:40,760 - INFO - Finished in 
2023-12-22 11:32:40,761 - INFO - Files processed. Took 1.3403377850850424 minutes.
